<?xml version="1.0" encoding="UTF-8"?>
<!-- Generated by org.testng.reporters.JUnitReportReporter -->
<testsuite hostname="OR" name="com.dbyl.china.tests.accountFlow" tests="1" failures="0" timestamp="29 Sep 2016 08:59:39 GMT" time="510.590" errors="0">
  <testcase name="Flow" time="510.590" classname="com.dbyl.china.tests.accountFlow"/>
</testsuite> <!-- com.dbyl.china.tests.accountFlow -->
